2025-07-01 10:20:08,344 [INFO] Activator:176 - 


2025-07-01 10:20:08,346 [INFO] Activator:177 - !SESSION log4j initialized
2025-07-01 10:20:10,982 [INFO] LogOutputStream:77 - [STDOUT_REDIRECT] 
2025-07-01 10:20:15,901 [INFO] ApplicationProperties:184 - Using Application install path: C:\ST\STM32CubeIDE_1.18.1\STM32CubeIDE\plugins\com.st.stm32cube.common.mx_6.14.1.202504091515
2025-07-01 10:20:15,942 [INFO] DbMcusXml:78 - Set database path to: C:\ST\STM32CubeIDE_1.18.1\STM32CubeIDE\plugins\com.st.stm32cube.common.mx_6.14.1.202504091515\\db\/mcu/
2025-07-01 10:20:15,942 [INFO] ApiDb:274 - Set plugin database path to: C:\ST\STM32CubeIDE_1.18.1\STM32CubeIDE\plugins\com.st.stm32cube.common.mx_6.14.1.202504091515\\db\/plugins/boardmanager/
2025-07-01 10:20:15,943 [WARN] ApiDb:259 - Overriding images path with different value:  => C:\ST\STM32CubeIDE_1.18.1\STM32CubeIDE\plugins\com.st.stm32cube.common.mx_6.14.1.202504091515\\db\/plugins/mcufinder/images/
2025-07-01 10:20:15,961 [INFO] ApiDb:250 - Set database path to: C:\Users\kccistc\.stmcufinder\plugins\mcufinder//mcu/
2025-07-01 10:20:15,963 [INFO] DbMcusAds:125 - Set database path to: C:\Users\kccistc\.stmcufinder\plugins\mcufinder//mcu/
2025-07-01 10:20:15,969 [INFO] CrossReferenceDbSqlite:203 - Set database path to: C:\Users\kccistc\.stmcufinder\plugins\mcufinder//mcu/cs/
2025-07-01 10:20:16,142 [INFO] RulesReader:64 - Compatibility file has been processed (302 Rules)
2025-07-01 10:20:16,314 [INFO] DbMcusXml:78 - Set database path to: C:\ST\STM32CubeIDE_1.18.1\STM32CubeIDE\plugins\com.st.stm32cube.common.mx_6.14.1.202504091515\\db\/mcu/
2025-07-01 10:20:16,314 [INFO] ApiDb:274 - Set plugin database path to: C:\ST\STM32CubeIDE_1.18.1\STM32CubeIDE\plugins\com.st.stm32cube.common.mx_6.14.1.202504091515\\db\/plugins/boardmanager/
2025-07-01 10:20:16,315 [INFO] ApiDb:261 - Set plugin images path to: C:\ST\STM32CubeIDE_1.18.1\STM32CubeIDE\plugins\com.st.stm32cube.common.mx_6.14.1.202504091515\\db\/plugins/mcufinder/images/
2025-07-01 10:20:16,315 [WARN] DbFile:41 - Overriding database path with different value: C:\Users\kccistc\.stmcufinder\plugins\mcufinder/ => C:\Users\kccistc\.stmcufinder\plugins\mcufinder
2025-07-01 10:20:16,315 [INFO] ApiDb:250 - Set database path to: C:\Users\kccistc\.stmcufinder\plugins\mcufinder//mcu/
2025-07-01 10:20:16,315 [WARN] DbFile:41 - Overriding database path with different value: C:\Users\kccistc\.stmcufinder\plugins\mcufinder/ => C:\Users\kccistc\.stmcufinder\plugins\mcufinder
2025-07-01 10:20:16,315 [INFO] DbMcusAds:125 - Set database path to: C:\Users\kccistc\.stmcufinder\plugins\mcufinder//mcu/
2025-07-01 10:20:16,315 [WARN] DbFile:41 - Overriding database path with different value: C:\Users\kccistc\.stmcufinder\plugins\mcufinder/ => C:\Users\kccistc\.stmcufinder\plugins\mcufinder
2025-07-01 10:20:16,316 [WARN] DbFile:41 - Overriding database path with different value: C:\Users\kccistc\.stmcufinder\plugins\mcufinder/ => C:\Users\kccistc\.stmcufinder\plugins\mcufinder
2025-07-01 10:20:16,316 [INFO] CrossReferenceDbSqlite:203 - Set database path to: C:\Users\kccistc\.stmcufinder\plugins\mcufinder//mcu/cs/
2025-07-01 10:20:16,430 [INFO] MainPanel:272 - HeapMemory: 268435456
2025-07-01 10:20:16,597 [INFO] DbMcusXml:78 - Set database path to: C:\ST\STM32CubeIDE_1.18.1\STM32CubeIDE\plugins\com.st.stm32cube.common.mx_6.14.1.202504091515\\db\/mcu/
2025-07-01 10:20:16,598 [INFO] ApiDb:274 - Set plugin database path to: C:\ST\STM32CubeIDE_1.18.1\STM32CubeIDE\plugins\com.st.stm32cube.common.mx_6.14.1.202504091515\\db\/plugins/boardmanager/
2025-07-01 10:20:16,598 [INFO] ApiDb:261 - Set plugin images path to: C:\ST\STM32CubeIDE_1.18.1\STM32CubeIDE\plugins\com.st.stm32cube.common.mx_6.14.1.202504091515\\db\/plugins/mcufinder/images/
2025-07-01 10:20:16,598 [WARN] DbFile:41 - Overriding database path with different value: C:\Users\kccistc\.stmcufinder\plugins\mcufinder/ => C:\Users\kccistc\.stmcufinder\plugins\mcufinder
2025-07-01 10:20:16,598 [INFO] ApiDb:250 - Set database path to: C:\Users\kccistc\.stmcufinder\plugins\mcufinder//mcu/
2025-07-01 10:20:16,598 [WARN] DbFile:41 - Overriding database path with different value: C:\Users\kccistc\.stmcufinder\plugins\mcufinder/ => C:\Users\kccistc\.stmcufinder\plugins\mcufinder
2025-07-01 10:20:16,599 [INFO] DbMcusAds:125 - Set database path to: C:\Users\kccistc\.stmcufinder\plugins\mcufinder//mcu/
2025-07-01 10:20:16,599 [WARN] DbFile:41 - Overriding database path with different value: C:\Users\kccistc\.stmcufinder\plugins\mcufinder/ => C:\Users\kccistc\.stmcufinder\plugins\mcufinder
2025-07-01 10:20:16,599 [WARN] DbFile:41 - Overriding database path with different value: C:\Users\kccistc\.stmcufinder\plugins\mcufinder/ => C:\Users\kccistc\.stmcufinder\plugins\mcufinder
2025-07-01 10:20:16,599 [INFO] CrossReferenceDbSqlite:203 - Set database path to: C:\Users\kccistc\.stmcufinder\plugins\mcufinder//mcu/cs/
2025-07-01 10:20:16,632 [INFO] ApplicationProperties:184 - Using Application install path: C:\ST\STM32CubeIDE_1.18.1\STM32CubeIDE\plugins\com.st.stm32cube.common.mx_6.14.1.202504091515
2025-07-01 10:20:16,634 [INFO] PluginManage:196 - Search for loadable plugins [exclusion list=, ]
2025-07-01 10:20:16,637 [INFO] PluginManage:310 - Check plugin analytics
2025-07-01 10:20:16,959 [INFO] AnalyticsPlugin:253 - Accepted Software Licenses: 
2025-07-01 10:20:16,961 [INFO] AnalyticsPlugin:255 - Accepted CMSIS Pack Licenses: 
2025-07-01 10:20:16,961 [INFO] AnalyticsPlugin:257 - Accepted Firmware Licenses: FW.F4.1.28.0
2025-07-01 10:20:16,968 [INFO] PluginManage:359 - Loaded plugin analytics (category:tool,tabindex:-1)
2025-07-01 10:20:16,968 [INFO] PluginManage:310 - Check plugin cadmodel
2025-07-01 10:20:16,981 [INFO] CADModel:105 - Init CAD model plugin
2025-07-01 10:20:16,982 [INFO] PluginManage:359 - Loaded plugin cadmodel (category:power,tabindex:5)
2025-07-01 10:20:16,982 [INFO] PluginManage:310 - Check plugin clock
2025-07-01 10:20:17,012 [INFO] PluginManage:359 - Loaded plugin clock (category:base,tabindex:2)
2025-07-01 10:20:17,012 [INFO] PluginManage:310 - Check plugin ddr
2025-07-01 10:20:17,031 [INFO] PluginManage:359 - Loaded plugin ddr (category:tool,tabindex:6)
2025-07-01 10:20:17,031 [INFO] PluginManage:310 - Check plugin filemanager
2025-07-01 10:20:17,235 [INFO] PluginManage:359 - Loaded plugin filemanager (category:base,tabindex:10)
2025-07-01 10:20:17,235 [INFO] PluginManage:310 - Check plugin ipmanager
2025-07-01 10:20:17,244 [INFO] PluginManage:359 - Loaded plugin ipmanager (category:base,tabindex:5)
2025-07-01 10:20:17,245 [INFO] PluginManage:310 - Check plugin lpbam
2025-07-01 10:20:17,255 [INFO] PluginManage:359 - Loaded plugin lpbam (category:base,tabindex:0)
2025-07-01 10:20:17,255 [INFO] PluginManage:310 - Check plugin memorymap
2025-07-01 10:20:17,276 [INFO] PluginManage:359 - Loaded plugin memorymap (category:base,tabindex:4)
2025-07-01 10:20:17,276 [INFO] PluginManage:310 - Check plugin pinoutandconfiguration
2025-07-01 10:20:17,287 [INFO] PluginManage:359 - Loaded plugin pinoutandconfiguration (category:base,tabindex:1)
2025-07-01 10:20:17,287 [INFO] PluginManage:310 - Check plugin pinoutconfig
2025-07-01 10:20:17,422 [WARN] SupportedApi:132 - Cannot load RTOS API schema: s4s-elt-must-match.1: The content of 'definitions' must match (annotation?, (simpleType | complexType)?, (unique | key | keyref)*)). A problem was found starting at: attribute.
2025-07-01 10:20:17,642 [INFO] PluginManage:359 - Loaded plugin pinoutconfig (category:base,tabindex:0)
2025-07-01 10:20:17,642 [INFO] PluginManage:310 - Check plugin power
2025-07-01 10:20:17,657 [INFO] PluginManage:359 - Loaded plugin power (category:power,tabindex:4)
2025-07-01 10:20:17,657 [INFO] PluginManage:310 - Check plugin projectmanager
2025-07-01 10:20:17,677 [INFO] PluginManage:359 - Loaded plugin projectmanager (category:projectmanager,tabindex:4)
2025-07-01 10:20:17,677 [INFO] PluginManage:310 - Check plugin rif
2025-07-01 10:20:17,685 [INFO] PluginManage:359 - Loaded plugin rif (category:base,tabindex:3)
2025-07-01 10:20:17,685 [INFO] PluginManage:310 - Check plugin thirdparty
2025-07-01 10:20:17,859 [INFO] PluginManage:359 - Loaded plugin thirdparty (category:base,tabindex:-1)
2025-07-01 10:20:17,859 [WARN] IntegrityCheckThread:84 - waiting for thirdparty lock release [integrity check]
2025-07-01 10:20:17,859 [INFO] PluginManage:310 - Check plugin tools
2025-07-01 10:20:17,859 [INFO] IntegrityCheckThread:86 - entering critical section [integrity check]
2025-07-01 10:20:17,860 [INFO] ThirdPartyUpdaterWithRetryManager:70 - Updater plugin not ready yet. [1/15]
2025-07-01 10:20:17,861 [INFO] PluginManage:359 - Loaded plugin tools (category:base,tabindex:7)
2025-07-01 10:20:17,862 [INFO] PluginManage:310 - Check plugin tutovideos
2025-07-01 10:20:18,097 [INFO] PluginManage:359 - Loaded plugin tutovideos (category:base,tabindex:-1)
2025-07-01 10:20:18,097 [INFO] PluginManage:310 - Check plugin updater
2025-07-01 10:20:18,133 [INFO] PluginManage:359 - Loaded plugin updater (category:base,tabindex:12)
2025-07-01 10:20:18,133 [INFO] PluginManage:310 - Check plugin userauth
2025-07-01 10:20:18,140 [INFO] UserAuth:118 - Init User Auth plugin
2025-07-01 10:20:18,142 [INFO] PluginManage:359 - Loaded plugin userauth (category:base,tabindex:14)
2025-07-01 10:20:18,142 [INFO] PluginManage:283 - PluginManage : Loaded plugins [18]
2025-07-01 10:20:18,523 [INFO] PinOutPanel:1589 - setPackage(No Configuration,No Configuration)
2025-07-01 10:20:18,745 [INFO] CADModel:165 - CPN selected for project level
2025-07-01 10:20:18,746 [INFO] CADModel:114 - Register for checkConnection events
2025-07-01 10:20:18,775 [INFO] IPUIPlugin:80 - create IPUIPlugin
2025-07-01 10:20:18,776 [INFO] PluginManager:220 - loadIPPluginJar : add adc
2025-07-01 10:20:18,782 [INFO] IPUIPlugin:80 - create IPUIPlugin
2025-07-01 10:20:18,782 [INFO] PluginManager:220 - loadIPPluginJar : add aes
2025-07-01 10:20:18,788 [INFO] IPUIPlugin:80 - create IPUIPlugin
2025-07-01 10:20:18,788 [INFO] PluginManager:220 - loadIPPluginJar : add can
2025-07-01 10:20:18,792 [INFO] IPUIPlugin:80 - create IPUIPlugin
2025-07-01 10:20:18,792 [INFO] PluginManager:220 - loadIPPluginJar : add comp
2025-07-01 10:20:18,797 [INFO] IPUIPlugin:80 - create IPUIPlugin
2025-07-01 10:20:18,797 [INFO] PluginManager:220 - loadIPPluginJar : add cryp
2025-07-01 10:20:18,803 [INFO] IPUIPlugin:80 - create IPUIPlugin
2025-07-01 10:20:18,804 [INFO] PluginManager:220 - loadIPPluginJar : add ddr_ctrl_phy
2025-07-01 10:20:18,809 [INFO] IPUIPlugin:80 - create IPUIPlugin
2025-07-01 10:20:18,809 [INFO] PluginManager:220 - loadIPPluginJar : add dfsdm
2025-07-01 10:20:18,817 [INFO] IPUIPlugin:80 - create IPUIPlugin
2025-07-01 10:20:18,818 [INFO] PluginManager:220 - loadIPPluginJar : add dma
2025-07-01 10:20:18,823 [INFO] IPUIPlugin:80 - create IPUIPlugin
2025-07-01 10:20:18,823 [INFO] PluginManager:220 - loadIPPluginJar : add dma3
2025-07-01 10:20:18,827 [INFO] IPUIPlugin:80 - create IPUIPlugin
2025-07-01 10:20:18,827 [INFO] PluginManager:220 - loadIPPluginJar : add extmemmanager
2025-07-01 10:20:18,830 [INFO] IPUIPlugin:80 - create IPUIPlugin
2025-07-01 10:20:18,832 [INFO] PluginManager:220 - loadIPPluginJar : add fatfs
2025-07-01 10:20:18,836 [INFO] IPUIPlugin:80 - create IPUIPlugin
2025-07-01 10:20:18,837 [INFO] PluginManager:220 - loadIPPluginJar : add fmc
2025-07-01 10:20:18,843 [INFO] IPUIPlugin:80 - create IPUIPlugin
2025-07-01 10:20:18,844 [INFO] PluginManager:220 - loadIPPluginJar : add freertos
2025-07-01 10:20:18,848 [INFO] IPUIPlugin:80 - create IPUIPlugin
2025-07-01 10:20:18,848 [INFO] PluginManager:220 - loadIPPluginJar : add genericplugin
2025-07-01 10:20:18,852 [INFO] IPUIPlugin:80 - create IPUIPlugin
2025-07-01 10:20:18,852 [INFO] PluginManager:220 - loadIPPluginJar : add gfxmmu
2025-07-01 10:20:18,857 [INFO] IPUIPlugin:80 - create IPUIPlugin
2025-07-01 10:20:18,857 [INFO] PluginManager:220 - loadIPPluginJar : add gic
2025-07-01 10:20:18,863 [INFO] IPUIPlugin:80 - create IPUIPlugin
2025-07-01 10:20:18,864 [INFO] PluginManager:220 - loadIPPluginJar : add gpio
2025-07-01 10:20:18,867 [INFO] IPUIPlugin:80 - create IPUIPlugin
2025-07-01 10:20:18,867 [INFO] PluginManager:220 - loadIPPluginJar : add gtzc
2025-07-01 10:20:18,870 [INFO] IPUIPlugin:80 - create IPUIPlugin
2025-07-01 10:20:18,870 [INFO] PluginManager:220 - loadIPPluginJar : add hash
2025-07-01 10:20:18,874 [INFO] IPUIPlugin:80 - create IPUIPlugin
2025-07-01 10:20:18,874 [INFO] PluginManager:220 - loadIPPluginJar : add i2c
2025-07-01 10:20:18,878 [INFO] IPUIPlugin:80 - create IPUIPlugin
2025-07-01 10:20:18,878 [INFO] PluginManager:220 - loadIPPluginJar : add i2s
2025-07-01 10:20:18,888 [INFO] IPUIPlugin:80 - create IPUIPlugin
2025-07-01 10:20:18,888 [INFO] PluginManager:220 - loadIPPluginJar : add i3c
2025-07-01 10:20:18,893 [INFO] IPUIPlugin:80 - create IPUIPlugin
2025-07-01 10:20:18,893 [INFO] PluginManager:220 - loadIPPluginJar : add ipddr
2025-07-01 10:20:18,902 [INFO] IPUIPlugin:80 - create IPUIPlugin
2025-07-01 10:20:18,903 [INFO] PluginManager:220 - loadIPPluginJar : add linkedlist
2025-07-01 10:20:18,909 [INFO] IPUIPlugin:80 - create IPUIPlugin
2025-07-01 10:20:18,909 [INFO] PluginManager:220 - loadIPPluginJar : add lorawan
2025-07-01 10:20:18,913 [INFO] IPUIPlugin:80 - create IPUIPlugin
2025-07-01 10:20:18,913 [INFO] PluginManager:220 - loadIPPluginJar : add ltdc
2025-07-01 10:20:18,921 [INFO] IPUIPlugin:80 - create IPUIPlugin
2025-07-01 10:20:18,921 [INFO] PluginManager:220 - loadIPPluginJar : add mdma
2025-07-01 10:20:18,926 [INFO] IPUIPlugin:80 - create IPUIPlugin
2025-07-01 10:20:18,926 [INFO] PluginManager:220 - loadIPPluginJar : add nvic
2025-07-01 10:20:18,932 [INFO] IPUIPlugin:80 - create IPUIPlugin
2025-07-01 10:20:18,932 [INFO] PluginManager:220 - loadIPPluginJar : add opamp
2025-07-01 10:20:18,938 [INFO] IPUIPlugin:80 - create IPUIPlugin
2025-07-01 10:20:18,938 [INFO] PluginManager:220 - loadIPPluginJar : add openamp
2025-07-01 10:20:18,943 [INFO] IPUIPlugin:80 - create IPUIPlugin
2025-07-01 10:20:18,943 [INFO] PluginManager:220 - loadIPPluginJar : add pdm2pcm
2025-07-01 10:20:18,953 [INFO] IPUIPlugin:80 - create IPUIPlugin
2025-07-01 10:20:18,956 [INFO] PluginManager:220 - loadIPPluginJar : add plateformsettings
2025-07-01 10:20:18,959 [INFO] IPUIPlugin:80 - create IPUIPlugin
2025-07-01 10:20:18,959 [INFO] PluginManager:220 - loadIPPluginJar : add quadspi
2025-07-01 10:20:18,963 [INFO] IPUIPlugin:80 - create IPUIPlugin
2025-07-01 10:20:18,964 [INFO] PluginManager:220 - loadIPPluginJar : add radio
2025-07-01 10:20:18,970 [INFO] IPUIPlugin:80 - create IPUIPlugin
2025-07-01 10:20:18,970 [INFO] PluginManager:220 - loadIPPluginJar : add resmgrutility
2025-07-01 10:20:18,975 [INFO] IPUIPlugin:80 - create IPUIPlugin
2025-07-01 10:20:18,975 [INFO] PluginManager:220 - loadIPPluginJar : add sai
2025-07-01 10:20:18,979 [INFO] IPUIPlugin:80 - create IPUIPlugin
2025-07-01 10:20:18,980 [INFO] PluginManager:220 - loadIPPluginJar : add spi
2025-07-01 10:20:18,990 [INFO] IPUIPlugin:80 - create IPUIPlugin
2025-07-01 10:20:18,991 [INFO] PluginManager:220 - loadIPPluginJar : add stm32_wpan
2025-07-01 10:20:18,995 [INFO] IPUIPlugin:80 - create IPUIPlugin
2025-07-01 10:20:18,995 [INFO] PluginManager:220 - loadIPPluginJar : add tim
2025-07-01 10:20:19,002 [INFO] IPUIPlugin:80 - create IPUIPlugin
2025-07-01 10:20:19,003 [INFO] PluginManager:220 - loadIPPluginJar : add touchsensing
2025-07-01 10:20:19,009 [INFO] IPUIPlugin:80 - create IPUIPlugin
2025-07-01 10:20:19,009 [INFO] PluginManager:220 - loadIPPluginJar : add tracer_emb
2025-07-01 10:20:19,013 [INFO] IPUIPlugin:80 - create IPUIPlugin
2025-07-01 10:20:19,013 [INFO] PluginManager:220 - loadIPPluginJar : add ts
2025-07-01 10:20:19,020 [INFO] IPUIPlugin:80 - create IPUIPlugin
2025-07-01 10:20:19,021 [INFO] PluginManager:220 - loadIPPluginJar : add tsc
2025-07-01 10:20:19,024 [INFO] IPUIPlugin:80 - create IPUIPlugin
2025-07-01 10:20:19,025 [INFO] PluginManager:220 - loadIPPluginJar : add ucpd
2025-07-01 10:20:19,031 [INFO] IPUIPlugin:80 - create IPUIPlugin
2025-07-01 10:20:19,031 [INFO] PluginManager:220 - loadIPPluginJar : add usart
2025-07-01 10:20:19,037 [INFO] IPUIPlugin:80 - create IPUIPlugin
2025-07-01 10:20:19,037 [INFO] PluginManager:220 - loadIPPluginJar : add usbx
2025-07-01 10:20:19,205 [FATAL] Updater:351 - Updater called before beeing initialized
2025-07-01 10:20:19,244 [INFO] RulesReader:64 - Compatibility file has been processed (302 Rules)
2025-07-01 10:20:19,260 [INFO] RulesReader:64 - Compatibility file has been processed (302 Rules)
2025-07-01 10:20:19,278 [INFO] CADModel:165 - CPN selected for project level
2025-07-01 10:20:19,278 [INFO] CADModel:114 - Register for checkConnection events
2025-07-01 10:20:19,278 [FATAL] Updater:351 - Updater called before beeing initialized
2025-07-01 10:20:19,279 [ERROR] CADModel:125 - Updater not yet initialized, retry later 
2025-07-01 10:20:19,497 [FATAL] Updater:351 - Updater called before beeing initialized
2025-07-01 10:20:19,499 [INFO] CADModel:165 - CPN selected for project level
2025-07-01 10:20:19,500 [INFO] CADModel:114 - Register for checkConnection events
2025-07-01 10:20:19,500 [FATAL] Updater:351 - Updater called before beeing initialized
2025-07-01 10:20:19,500 [ERROR] CADModel:125 - Updater not yet initialized, retry later 
2025-07-01 10:20:19,504 [FATAL] Updater:351 - Updater called before beeing initialized
2025-07-01 10:20:19,649 [FATAL] Updater:351 - Updater called before beeing initialized
2025-07-01 10:20:19,656 [INFO] DbMcusAds:53 - JSON generation date=Thu Jun 19 17:32:34 KST 2025 (1750321954415)
2025-07-01 10:20:19,656 [FATAL] Updater:351 - Updater called before beeing initialized
2025-07-01 10:20:19,696 [WARN] DetailPanel:346 - Failed to get advertising image, set to default
2025-07-01 10:20:19,909 [FATAL] Updater:351 - Updater called before beeing initialized
2025-07-01 10:20:19,912 [FATAL] Updater:351 - Updater called before beeing initialized
2025-07-01 10:20:19,913 [FATAL] Updater:351 - Updater called before beeing initialized
2025-07-01 10:20:19,913 [WARN] DetailPanel:346 - Failed to get advertising image, set to default
2025-07-01 10:20:19,914 [FATAL] Updater:351 - Updater called before beeing initialized
2025-07-01 10:20:19,958 [ERROR] Updater:1198 - MainUpdater not yet initialized. External WinMGr cannot be set.
2025-07-01 10:20:19,961 [INFO] Updater:1134 - Updater Version found : 6.14.1
2025-07-01 10:20:19,979 [INFO] ApplicationProperties:184 - Using Application install path: C:\ST\STM32CubeIDE_1.18.1\STM32CubeIDE\plugins\com.st.stm32cube.common.mx_6.14.1.202504091515
2025-07-01 10:20:20,862 [INFO] ThirdPartyUpdaterWithRetryManager:70 - Updater plugin not ready yet. [2/15]
2025-07-01 10:20:21,553 [ERROR] LogOutputStream:75 - [STDERR_REDIRECT] Jul 01, 2025 10:20:21 AM java.util.prefs.WindowsPreferences <init>
2025-07-01 10:20:21,555 [ERROR] LogOutputStream:75 - [STDERR_REDIRECT] WARNING: Could not open/create prefs root node Software\JavaSoft\Prefs at root 0xffffffff80000002. Windows RegCreateKeyEx(...) returned error code 5.
2025-07-01 10:20:21,555 [ERROR] LogOutputStream:75 - [STDERR_REDIRECT] 
2025-07-01 10:20:22,082 [INFO] MainUpdater:2872 - connection check result : 10
2025-07-01 10:20:22,083 [INFO] MainUpdater:289 - Updater Check For Update Now.
2025-07-01 10:20:22,083 [INFO] MicroXplorer:498 - Change Database Version : DB.6.0.141
2025-07-01 10:20:22,162 [ERROR] LogOutputStream:75 - [STDERR_REDIRECT] 
